2016-04-14 15:39:13,872 [Worker-1] INFO  o.e.m.c.i.l.LifecycleMappingFactory - Using NULL lifecycle mapping for MavenProject: org.opendaylight.wtg:config-parent:0.0.1-SNAPSHOT @ /home/mknair/workspace-all/workspace-centennial/CENTENNIAL/02-MWTN-PoC/code/odl/commons/config-parent/pom.xml.
2016-04-14 15:39:14,311 [Worker-1] INFO  o.e.m.c.i.l.LifecycleMappingFactory - Using NULL lifecycle mapping for MavenProject: org.opendaylight.wtg:binding-parent:0.0.1-SNAPSHOT @ /home/mknair/workspace-all/workspace-centennial/CENTENNIAL/02-MWTN-PoC/code/odl/commons/binding-parent/pom.xml.
2016-04-14 15:39:15,096 [Worker-1] INFO  o.e.m.c.i.l.LifecycleMappingFactory - Using org.eclipse.m2e.jdt.JarLifecycleMapping lifecycle mapping for MavenProject: org.opendaylight.wtg:configuration:0.0.1-SNAPSHOT @ /home/mknair/workspace-all/workspace-centennial/CENTENNIAL/02-MWTN-PoC/code/odl/commons/configuration/pom.xml.
2016-04-14 15:39:15,786 [Worker-1] INFO  o.e.m.c.i.l.LifecycleMappingFactory - Using DEFAULT lifecycle mapping for MavenProject: org.opendaylight.wtg:devicemodel:0.0.1-SNAPSHOT @ /home/mknair/workspace-all/workspace-centennial/CENTENNIAL/02-MWTN-PoC/code/odl/devicemodel/pom.xml.
2016-04-14 15:39:16,035 [Worker-1] INFO  o.e.m.c.i.l.LifecycleMappingFactory - Using NULL lifecycle mapping for MavenProject: org.opendaylight.wtg:websocketmanager:0.0.1-SNAPSHOT @ /home/mknair/workspace-all/workspace-centennial/CENTENNIAL/02-MWTN-PoC/code/odl/websocketmanager/pom.xml.
2016-04-14 15:39:16,206 [Worker-1] INFO  o.e.m.c.i.l.LifecycleMappingFactory - Using DEFAULT lifecycle mapping for MavenProject: org.opendaylight.wtg:websocketmanager-api:0.0.1-SNAPSHOT @ /home/mknair/workspace-all/workspace-centennial/CENTENNIAL/02-MWTN-PoC/code/odl/websocketmanager/api/pom.xml.
2016-04-14 15:39:16,406 [Worker-1] INFO  o.e.m.c.i.l.LifecycleMappingFactory - Using DEFAULT lifecycle mapping for MavenProject: org.opendaylight.wtg:websocketmanager-impl:0.0.1-SNAPSHOT @ /home/mknair/workspace-all/workspace-centennial/CENTENNIAL/02-MWTN-PoC/code/odl/websocketmanager/impl/pom.xml.
2016-04-14 15:39:16,802 [Worker-1] INFO  o.e.m.c.i.l.LifecycleMappingFactory - Using NULL lifecycle mapping for MavenProject: org.opendaylight.wtg:eventmanager:0.0.1-SNAPSHOT @ /home/mknair/workspace-all/workspace-centennial/CENTENNIAL/02-MWTN-PoC/code/odl/eventmanager/pom.xml.
2016-04-14 15:39:17,006 [Worker-1] INFO  o.e.m.c.i.l.LifecycleMappingFactory - Using DEFAULT lifecycle mapping for MavenProject: org.opendaylight.wtg:eventmanager-api:0.0.1-SNAPSHOT @ /home/mknair/workspace-all/workspace-centennial/CENTENNIAL/02-MWTN-PoC/code/odl/eventmanager/api/pom.xml.
2016-04-14 15:39:17,144 [Worker-1] INFO  o.e.m.c.i.l.LifecycleMappingFactory - Using DEFAULT lifecycle mapping for MavenProject: org.opendaylight.wtg:eventmanager-impl:0.0.1-SNAPSHOT @ /home/mknair/workspace-all/workspace-centennial/CENTENNIAL/02-MWTN-PoC/code/odl/eventmanager/impl/pom.xml.
2016-04-14 15:39:17,555 [Worker-1] INFO  o.e.m.c.i.l.LifecycleMappingFactory - Using NULL lifecycle mapping for MavenProject: org.opendaylight.wtg:netconfconnector:0.0.1-SNAPSHOT @ /home/mknair/workspace-all/workspace-centennial/CENTENNIAL/02-MWTN-PoC/code/odl/netconfconnector/pom.xml.
2016-04-14 15:39:17,744 [Worker-1] INFO  o.e.m.c.i.l.LifecycleMappingFactory - Using DEFAULT lifecycle mapping for MavenProject: org.opendaylight.wtg:netconfconnector-api:0.0.1-SNAPSHOT @ /home/mknair/workspace-all/workspace-centennial/CENTENNIAL/02-MWTN-PoC/code/odl/netconfconnector/api/pom.xml.
2016-04-14 15:39:17,880 [Worker-1] INFO  o.e.m.c.i.l.LifecycleMappingFactory - Using DEFAULT lifecycle mapping for MavenProject: org.opendaylight.wtg:netconfconnector-impl:0.0.1-SNAPSHOT @ /home/mknair/workspace-all/workspace-centennial/CENTENNIAL/02-MWTN-PoC/code/odl/netconfconnector/impl/pom.xml.
2016-04-14 15:39:18,022 [Worker-1] INFO  o.e.m.c.i.l.LifecycleMappingFactory - Using NULL lifecycle mapping for MavenProject: org.opendaylight.wtg:nediscovery:0.0.1-SNAPSHOT @ /home/mknair/workspace-all/workspace-centennial/CENTENNIAL/02-MWTN-PoC/code/odl/nediscovery/pom.xml.
2016-04-14 15:39:18,216 [Worker-1] INFO  o.e.m.c.i.l.LifecycleMappingFactory - Using DEFAULT lifecycle mapping for MavenProject: org.opendaylight.wtg:nediscovery-api:0.0.1-SNAPSHOT @ /home/mknair/workspace-all/workspace-centennial/CENTENNIAL/02-MWTN-PoC/code/odl/nediscovery/api/pom.xml.
2016-04-14 15:39:18,430 [Worker-1] INFO  o.e.m.c.i.l.LifecycleMappingFactory - Using DEFAULT lifecycle mapping for MavenProject: org.opendaylight.wtg:nediscovery-impl:0.0.1-SNAPSHOT @ /home/mknair/workspace-all/workspace-centennial/CENTENNIAL/02-MWTN-PoC/code/odl/nediscovery/impl/pom.xml.
2016-04-14 15:39:18,670 [Worker-1] INFO  o.e.m.c.i.l.LifecycleMappingFactory - Using org.eclipse.m2e.jdt.JarLifecycleMapping lifecycle mapping for MavenProject: org.opendaylight.wtg:distribution-karaf:0.0.1-SNAPSHOT @ /home/mknair/workspace-all/workspace-centennial/CENTENNIAL/02-MWTN-PoC/code/odl/karaf/pom.xml.
2016-04-14 15:39:23,889 [Worker-1] INFO  o.e.m.c.i.l.LifecycleMappingFactory - Using org.eclipse.m2e.jdt.JarLifecycleMapping lifecycle mapping for MavenProject: org.opendaylight.wtg:microwavetransport-features:0.0.1-SNAPSHOT @ /home/mknair/workspace-all/workspace-centennial/CENTENNIAL/02-MWTN-PoC/code/odl/features/pom.xml.
2016-04-14 15:39:26,354 [Worker-1] INFO  o.e.m.j.i.AbstractJavaProjectConfigurator - Adding source folder /eventmanager-api/src/main/java
2016-04-14 15:39:26,354 [Worker-1] INFO  o.e.m.j.i.AbstractJavaProjectConfigurator - Adding source folder /eventmanager-api/src/test/java
2016-04-14 15:39:28,898 [Worker-1] INFO  o.e.m.j.i.AbstractJavaProjectConfigurator - Adding source folder /configuration/src/main/java
2016-04-14 15:39:28,898 [Worker-1] INFO  o.e.m.j.i.AbstractJavaProjectConfigurator - Adding source folder /configuration/src/test/java
2016-04-14 15:39:28,926 [Worker-1] INFO  o.e.m.j.i.AbstractJavaProjectConfigurator - Adding source folder /devicemodel/src/main/java
2016-04-14 15:39:28,926 [Worker-1] INFO  o.e.m.j.i.AbstractJavaProjectConfigurator - Adding source folder /devicemodel/src/test/java
2016-04-14 15:39:28,993 [Worker-1] INFO  o.e.m.j.i.AbstractJavaProjectConfigurator - Adding source folder /websocketmanager-api/src/main/java
2016-04-14 15:39:28,993 [Worker-1] INFO  o.e.m.j.i.AbstractJavaProjectConfigurator - Adding source folder /websocketmanager-api/src/test/java
2016-04-14 15:39:29,075 [Worker-1] INFO  o.e.m.j.i.AbstractJavaProjectConfigurator - Adding source folder /websocketmanager-impl/src/main/java
2016-04-14 15:39:29,076 [Worker-1] INFO  o.e.m.j.i.AbstractJavaProjectConfigurator - Adding source folder /websocketmanager-impl/src/test/java
2016-04-14 15:39:29,225 [Worker-1] INFO  o.e.m.j.i.AbstractJavaProjectConfigurator - Adding source folder /eventmanager-impl/src/main/java
2016-04-14 15:39:29,225 [Worker-1] INFO  o.e.m.j.i.AbstractJavaProjectConfigurator - Adding source folder /eventmanager-impl/src/test/java
2016-04-14 15:39:29,726 [Worker-1] INFO  o.e.m.j.i.AbstractJavaProjectConfigurator - Adding source folder /nediscovery-api/src/main/java
2016-04-14 15:39:29,727 [Worker-1] INFO  o.e.m.j.i.AbstractJavaProjectConfigurator - Adding source folder /nediscovery-api/src/test/java
2016-04-14 15:39:29,769 [Worker-1] INFO  o.e.m.j.i.AbstractJavaProjectConfigurator - Adding source folder /netconfconnector-api/src/main/java
2016-04-14 15:39:29,770 [Worker-1] INFO  o.e.m.j.i.AbstractJavaProjectConfigurator - Adding source folder /netconfconnector-api/src/test/java
2016-04-14 15:39:29,819 [Worker-1] INFO  o.e.m.j.i.AbstractJavaProjectConfigurator - Adding source folder /nediscovery-impl/src/main/java
2016-04-14 15:39:29,819 [Worker-1] INFO  o.e.m.j.i.AbstractJavaProjectConfigurator - Adding source folder /nediscovery-impl/src/test/java
2016-04-14 15:39:29,870 [Worker-1] INFO  o.e.m.j.i.AbstractJavaProjectConfigurator - Adding source folder /netconfconnector-impl/src/main/java
2016-04-14 15:39:29,873 [Worker-1] INFO  o.e.m.j.i.AbstractJavaProjectConfigurator - Adding source folder /netconfconnector-impl/src/test/java
2016-04-14 15:39:30,012 [Worker-1] INFO  o.e.m.j.i.AbstractJavaProjectConfigurator - Adding source folder /features/src/main/java
2016-04-14 15:39:30,013 [Worker-1] INFO  o.e.m.j.i.AbstractJavaProjectConfigurator - Adding source folder /features/src/test/java
2016-04-14 15:39:34,763 [Worker-1] INFO  o.e.m.j.i.AbstractJavaProjectConfigurator - Adding source folder /karaf/src/main/java
2016-04-14 15:39:34,763 [Worker-1] INFO  o.e.m.j.i.AbstractJavaProjectConfigurator - Adding source folder /karaf/src/test/java
2016-04-14 15:39:34,934 [Worker-1] INFO  o.e.m.c.i.p.ProjectConfigurationManager - Imported and configured 18 project(s) in 26 sec
2016-04-14 15:41:35,303 [Worker-4] ERROR o.e.m.i.d.MavenDiscoveryService - Status ERROR: org.eclipse.equinox.p2.discovery code=0 Failed to discover all connectors. null children=[Status ERROR: org.eclipse.equinox.p2.discovery code=0 M2ERemoteBundleDiscoveryStrategy failed with an error org.eclipse.equinox.p2.core.ProvisionException: Unable to read repository at http://download.eclipse.org/technology/m2e/discovery/directory-1.6.xml.]
2016-04-14 15:41:36,054 [Worker-7] WARN  o.e.m.c.i.embedder.EclipseLogger - Using platform encoding (UTF-8 actually) to copy filtered resources, i.e. build is platform dependent!
2016-04-14 15:41:36,056 [Worker-7] INFO  o.e.m.c.i.embedder.EclipseLogger - skip non existing resourceDirectory /home/mknair/workspace-all/workspace-centennial/CENTENNIAL/02-MWTN-PoC/code/odl/commons/configuration/src/main/resources
2016-04-14 15:41:36,058 [Worker-7] WARN  o.e.m.c.i.embedder.EclipseLogger - Using platform encoding (UTF-8 actually) to copy filtered resources, i.e. build is platform dependent!
2016-04-14 15:41:36,058 [Worker-7] INFO  o.e.m.c.i.embedder.EclipseLogger - skip non existing resourceDirectory /home/mknair/workspace-all/workspace-centennial/CENTENNIAL/02-MWTN-PoC/code/odl/commons/configuration/src/test/resources
2016-04-14 15:41:36,319 [Worker-7] INFO  o.e.m.c.i.embedder.EclipseLogger - Using 'UTF-8' encoding to copy filtered resources.
2016-04-14 15:41:36,319 [Worker-7] INFO  o.e.m.c.i.embedder.EclipseLogger - skip non existing resourceDirectory /home/mknair/workspace-all/workspace-centennial/CENTENNIAL/02-MWTN-PoC/code/odl/devicemodel/src/main/resources
2016-04-14 15:41:36,321 [Worker-7] INFO  o.e.m.c.i.embedder.EclipseLogger - Using 'UTF-8' encoding to copy filtered resources.
2016-04-14 15:41:36,322 [Worker-7] INFO  o.e.m.c.i.embedder.EclipseLogger - skip non existing resourceDirectory /home/mknair/workspace-all/workspace-centennial/CENTENNIAL/02-MWTN-PoC/code/odl/devicemodel/src/test/resources
2016-04-14 15:41:36,732 [Worker-7] INFO  o.e.m.c.i.embedder.EclipseLogger - Using 'UTF-8' encoding to copy filtered resources.
2016-04-14 15:41:36,732 [Worker-7] INFO  o.e.m.c.i.embedder.EclipseLogger - skip non existing resourceDirectory /home/mknair/workspace-all/workspace-centennial/CENTENNIAL/02-MWTN-PoC/code/odl/eventmanager/api/src/main/resources
2016-04-14 15:41:36,733 [Worker-7] INFO  o.e.m.c.i.embedder.EclipseLogger - Using 'UTF-8' encoding to copy filtered resources.
2016-04-14 15:41:36,733 [Worker-7] INFO  o.e.m.c.i.embedder.EclipseLogger - skip non existing resourceDirectory /home/mknair/workspace-all/workspace-centennial/CENTENNIAL/02-MWTN-PoC/code/odl/eventmanager/api/src/test/resources
2016-04-14 15:41:36,964 [Worker-7] INFO  o.e.m.c.i.embedder.EclipseLogger - Using 'UTF-8' encoding to copy filtered resources.
2016-04-14 15:41:36,964 [Worker-7] INFO  o.e.m.c.i.embedder.EclipseLogger - skip non existing resourceDirectory /home/mknair/workspace-all/workspace-centennial/CENTENNIAL/02-MWTN-PoC/code/odl/nediscovery/api/src/main/resources
2016-04-14 15:41:36,965 [Worker-7] INFO  o.e.m.c.i.embedder.EclipseLogger - Using 'UTF-8' encoding to copy filtered resources.
2016-04-14 15:41:36,965 [Worker-7] INFO  o.e.m.c.i.embedder.EclipseLogger - skip non existing resourceDirectory /home/mknair/workspace-all/workspace-centennial/CENTENNIAL/02-MWTN-PoC/code/odl/nediscovery/api/src/test/resources
2016-04-14 15:41:37,190 [Worker-7] INFO  o.e.m.c.i.embedder.EclipseLogger - Using 'UTF-8' encoding to copy filtered resources.
2016-04-14 15:41:37,191 [Worker-7] INFO  o.e.m.c.i.embedder.EclipseLogger - skip non existing resourceDirectory /home/mknair/workspace-all/workspace-centennial/CENTENNIAL/02-MWTN-PoC/code/odl/netconfconnector/api/src/main/resources
2016-04-14 15:41:37,192 [Worker-7] INFO  o.e.m.c.i.embedder.EclipseLogger - Using 'UTF-8' encoding to copy filtered resources.
2016-04-14 15:41:37,192 [Worker-7] INFO  o.e.m.c.i.embedder.EclipseLogger - skip non existing resourceDirectory /home/mknair/workspace-all/workspace-centennial/CENTENNIAL/02-MWTN-PoC/code/odl/netconfconnector/api/src/test/resources
2016-04-14 15:41:37,455 [Worker-7] INFO  o.e.m.c.i.embedder.EclipseLogger - Using 'UTF-8' encoding to copy filtered resources.
2016-04-14 15:41:37,455 [Worker-7] INFO  o.e.m.c.i.embedder.EclipseLogger - skip non existing resourceDirectory /home/mknair/workspace-all/workspace-centennial/CENTENNIAL/02-MWTN-PoC/code/odl/nediscovery/impl/src/main/resources
2016-04-14 15:41:37,456 [Worker-7] INFO  o.e.m.c.i.embedder.EclipseLogger - Using 'UTF-8' encoding to copy filtered resources.
2016-04-14 15:41:37,456 [Worker-7] INFO  o.e.m.c.i.embedder.EclipseLogger - skip non existing resourceDirectory /home/mknair/workspace-all/workspace-centennial/CENTENNIAL/02-MWTN-PoC/code/odl/nediscovery/impl/src/test/resources
2016-04-14 15:41:37,780 [Worker-7] INFO  o.e.m.c.i.embedder.EclipseLogger - Using 'UTF-8' encoding to copy filtered resources.
2016-04-14 15:41:37,780 [Worker-7] INFO  o.e.m.c.i.embedder.EclipseLogger - skip non existing resourceDirectory /home/mknair/workspace-all/workspace-centennial/CENTENNIAL/02-MWTN-PoC/code/odl/netconfconnector/impl/src/main/resources
2016-04-14 15:41:37,781 [Worker-7] INFO  o.e.m.c.i.embedder.EclipseLogger - Using 'UTF-8' encoding to copy filtered resources.
2016-04-14 15:41:37,781 [Worker-7] INFO  o.e.m.c.i.embedder.EclipseLogger - skip non existing resourceDirectory /home/mknair/workspace-all/workspace-centennial/CENTENNIAL/02-MWTN-PoC/code/odl/netconfconnector/impl/src/test/resources
2016-04-14 15:41:38,014 [Worker-7] INFO  o.e.m.c.i.embedder.EclipseLogger - Using 'UTF-8' encoding to copy filtered resources.
2016-04-14 15:41:38,014 [Worker-7] INFO  o.e.m.c.i.embedder.EclipseLogger - skip non existing resourceDirectory /home/mknair/workspace-all/workspace-centennial/CENTENNIAL/02-MWTN-PoC/code/odl/websocketmanager/api/src/main/resources
2016-04-14 15:41:38,016 [Worker-7] INFO  o.e.m.c.i.embedder.EclipseLogger - Using 'UTF-8' encoding to copy filtered resources.
2016-04-14 15:41:38,016 [Worker-7] INFO  o.e.m.c.i.embedder.EclipseLogger - skip non existing resourceDirectory /home/mknair/workspace-all/workspace-centennial/CENTENNIAL/02-MWTN-PoC/code/odl/websocketmanager/api/src/test/resources
2016-04-14 15:41:38,586 [Worker-7] INFO  o.e.m.c.i.embedder.EclipseLogger - Using 'UTF-8' encoding to copy filtered resources.
2016-04-14 15:41:38,586 [Worker-7] INFO  o.e.m.c.i.embedder.EclipseLogger - skip non existing resourceDirectory /home/mknair/workspace-all/workspace-centennial/CENTENNIAL/02-MWTN-PoC/code/odl/eventmanager/impl/src/main/resources
2016-04-14 15:41:38,588 [Worker-7] INFO  o.e.m.c.i.embedder.EclipseLogger - Using 'UTF-8' encoding to copy filtered resources.
2016-04-14 15:41:38,589 [Worker-7] INFO  o.e.m.c.i.embedder.EclipseLogger - skip non existing resourceDirectory /home/mknair/workspace-all/workspace-centennial/CENTENNIAL/02-MWTN-PoC/code/odl/eventmanager/impl/src/test/resources
2016-04-14 15:41:39,128 [Worker-7] INFO  o.e.m.c.i.embedder.EclipseLogger - Using 'UTF-8' encoding to copy filtered resources.
2016-04-14 15:41:39,128 [Worker-7] INFO  o.e.m.c.i.embedder.EclipseLogger - skip non existing resourceDirectory /home/mknair/workspace-all/workspace-centennial/CENTENNIAL/02-MWTN-PoC/code/odl/websocketmanager/impl/src/main/resources
2016-04-14 15:41:39,129 [Worker-7] INFO  o.e.m.c.i.embedder.EclipseLogger - Using 'UTF-8' encoding to copy filtered resources.
2016-04-14 15:41:39,129 [Worker-7] INFO  o.e.m.c.i.embedder.EclipseLogger - skip non existing resourceDirectory /home/mknair/workspace-all/workspace-centennial/CENTENNIAL/02-MWTN-PoC/code/odl/websocketmanager/impl/src/test/resources
2016-04-14 15:41:40,882 [Worker-7] INFO  o.e.m.c.i.embedder.EclipseLogger - Using 'UTF-8' encoding to copy filtered resources.
2016-04-14 15:41:40,882 [Worker-7] INFO  o.e.m.c.i.embedder.EclipseLogger - skip non existing resourceDirectory /home/mknair/workspace-all/workspace-centennial/CENTENNIAL/02-MWTN-PoC/code/odl/karaf/src/main/resources
2016-04-14 15:41:40,888 [Worker-7] INFO  o.e.m.c.i.embedder.EclipseLogger - Using 'UTF-8' encoding to copy filtered resources.
2016-04-14 15:41:40,888 [Worker-7] INFO  o.e.m.c.i.embedder.EclipseLogger - skip non existing resourceDirectory /home/mknair/workspace-all/workspace-centennial/CENTENNIAL/02-MWTN-PoC/code/odl/karaf/src/test/resources
2016-04-14 15:41:40,896 [Worker-7] INFO  o.e.m.c.i.embedder.EclipseLogger - Using 'UTF-8' encoding to copy filtered resources.
2016-04-14 15:41:40,896 [Worker-7] INFO  o.e.m.c.i.embedder.EclipseLogger - skip non existing resourceDirectory /home/mknair/workspace-all/workspace-centennial/CENTENNIAL/02-MWTN-PoC/code/odl/karaf/src/main/assembly
2016-04-14 15:41:42,496 [Worker-7] INFO  o.e.m.c.i.embedder.EclipseLogger - Using 'UTF-8' encoding to copy filtered resources.
2016-04-14 15:41:42,497 [Worker-7] INFO  o.e.m.c.i.embedder.EclipseLogger - skip non existing resourceDirectory /home/mknair/workspace-all/workspace-centennial/CENTENNIAL/02-MWTN-PoC/code/odl/features/src/main/resources
2016-04-14 15:41:42,497 [Worker-7] INFO  o.e.m.c.i.embedder.EclipseLogger - Using 'UTF-8' encoding to copy filtered resources.
2016-04-14 15:41:42,497 [Worker-7] INFO  o.e.m.c.i.embedder.EclipseLogger - skip non existing resourceDirectory /home/mknair/workspace-all/workspace-centennial/CENTENNIAL/02-MWTN-PoC/code/odl/features/src/main/resources
2016-04-14 15:41:42,498 [Worker-7] INFO  o.e.m.c.i.embedder.EclipseLogger - Using 'UTF-8' encoding to copy filtered resources.
2016-04-14 15:41:42,498 [Worker-7] INFO  o.e.m.c.i.embedder.EclipseLogger - skip non existing resourceDirectory /home/mknair/workspace-all/workspace-centennial/CENTENNIAL/02-MWTN-PoC/code/odl/features/src/test/resources
2016-04-14 15:42:10,233 [Worker-3] INFO  o.e.m.c.i.embedder.EclipseLogger - Using 'UTF-8' encoding to copy filtered resources.
2016-04-14 15:42:10,233 [Worker-3] INFO  o.e.m.c.i.embedder.EclipseLogger - skip non existing resourceDirectory /home/mknair/workspace-all/workspace-centennial/CENTENNIAL/02-MWTN-PoC/code/odl/eventmanager/impl/src/main/resources
2016-04-14 15:42:10,235 [Worker-3] INFO  o.e.m.c.i.embedder.EclipseLogger - Using 'UTF-8' encoding to copy filtered resources.
2016-04-14 15:42:10,235 [Worker-3] INFO  o.e.m.c.i.embedder.EclipseLogger - skip non existing resourceDirectory /home/mknair/workspace-all/workspace-centennial/CENTENNIAL/02-MWTN-PoC/code/odl/eventmanager/impl/src/test/resources
2016-04-14 15:44:31,926 [Worker-7] INFO  o.e.m.c.i.embedder.EclipseLogger - Using 'UTF-8' encoding to copy filtered resources.
2016-04-14 15:44:31,926 [Worker-7] INFO  o.e.m.c.i.embedder.EclipseLogger - skip non existing resourceDirectory /home/mknair/workspace-all/workspace-centennial/CENTENNIAL/02-MWTN-PoC/code/odl/eventmanager/impl/src/main/resources
2016-04-14 15:44:31,928 [Worker-7] INFO  o.e.m.c.i.embedder.EclipseLogger - Using 'UTF-8' encoding to copy filtered resources.
2016-04-14 15:44:31,928 [Worker-7] INFO  o.e.m.c.i.embedder.EclipseLogger - skip non existing resourceDirectory /home/mknair/workspace-all/workspace-centennial/CENTENNIAL/02-MWTN-PoC/code/odl/eventmanager/impl/src/test/resources
2016-04-14 15:46:41,355 [Worker-9] INFO  o.e.m.c.i.embedder.EclipseLogger - Using 'UTF-8' encoding to copy filtered resources.
2016-04-14 15:46:41,355 [Worker-9] INFO  o.e.m.c.i.embedder.EclipseLogger - skip non existing resourceDirectory /home/mknair/workspace-all/workspace-centennial/CENTENNIAL/02-MWTN-PoC/code/odl/eventmanager/impl/src/main/resources
2016-04-14 15:46:41,356 [Worker-9] INFO  o.e.m.c.i.embedder.EclipseLogger - Using 'UTF-8' encoding to copy filtered resources.
2016-04-14 15:46:41,357 [Worker-9] INFO  o.e.m.c.i.embedder.EclipseLogger - skip non existing resourceDirectory /home/mknair/workspace-all/workspace-centennial/CENTENNIAL/02-MWTN-PoC/code/odl/eventmanager/impl/src/test/resources
2016-04-14 15:48:11,308 [Worker-10] INFO  o.e.m.c.i.embedder.EclipseLogger - Using 'UTF-8' encoding to copy filtered resources.
2016-04-14 15:48:11,309 [Worker-10] INFO  o.e.m.c.i.embedder.EclipseLogger - skip non existing resourceDirectory /home/mknair/workspace-all/workspace-centennial/CENTENNIAL/02-MWTN-PoC/code/odl/eventmanager/impl/src/main/resources
2016-04-14 15:48:11,311 [Worker-10] INFO  o.e.m.c.i.embedder.EclipseLogger - Using 'UTF-8' encoding to copy filtered resources.
2016-04-14 15:48:11,311 [Worker-10] INFO  o.e.m.c.i.embedder.EclipseLogger - skip non existing resourceDirectory /home/mknair/workspace-all/workspace-centennial/CENTENNIAL/02-MWTN-PoC/code/odl/eventmanager/impl/src/test/resources
2016-04-14 15:49:05,578 [Worker-3] INFO  o.e.m.c.i.embedder.EclipseLogger - Using 'UTF-8' encoding to copy filtered resources.
2016-04-14 15:49:05,579 [Worker-3] INFO  o.e.m.c.i.embedder.EclipseLogger - skip non existing resourceDirectory /home/mknair/workspace-all/workspace-centennial/CENTENNIAL/02-MWTN-PoC/code/odl/eventmanager/impl/src/main/resources
2016-04-14 15:49:05,580 [Worker-3] INFO  o.e.m.c.i.embedder.EclipseLogger - Using 'UTF-8' encoding to copy filtered resources.
2016-04-14 15:49:05,580 [Worker-3] INFO  o.e.m.c.i.embedder.EclipseLogger - skip non existing resourceDirectory /home/mknair/workspace-all/workspace-centennial/CENTENNIAL/02-MWTN-PoC/code/odl/eventmanager/impl/src/test/resources
2016-04-14 15:51:11,660 [Worker-11] INFO  o.e.m.c.i.embedder.EclipseLogger - Using 'UTF-8' encoding to copy filtered resources.
2016-04-14 15:51:11,660 [Worker-11] INFO  o.e.m.c.i.embedder.EclipseLogger - skip non existing resourceDirectory /home/mknair/workspace-all/workspace-centennial/CENTENNIAL/02-MWTN-PoC/code/odl/eventmanager/impl/src/main/resources
2016-04-14 15:51:11,661 [Worker-11] INFO  o.e.m.c.i.embedder.EclipseLogger - Using 'UTF-8' encoding to copy filtered resources.
2016-04-14 15:51:11,662 [Worker-11] INFO  o.e.m.c.i.embedder.EclipseLogger - skip non existing resourceDirectory /home/mknair/workspace-all/workspace-centennial/CENTENNIAL/02-MWTN-PoC/code/odl/eventmanager/impl/src/test/resources
2016-04-14 15:52:45,554 [Worker-7] INFO  o.e.m.c.i.p.ProjectConfigurationManager - Update started
2016-04-14 15:52:46,812 [Worker-7] INFO  o.e.m.c.i.l.LifecycleMappingFactory - Using NULL lifecycle mapping for MavenProject: org.opendaylight.wtg:binding-parent:0.0.1-SNAPSHOT @ /home/mknair/workspace-all/workspace-centennial/CENTENNIAL/02-MWTN-PoC/code/odl/commons/binding-parent/pom.xml.
2016-04-14 15:52:46,817 [Worker-7] INFO  o.e.m.c.i.l.LifecycleMappingFactory - Using NULL lifecycle mapping for MavenProject: org.opendaylight.wtg:config-parent:0.0.1-SNAPSHOT @ /home/mknair/workspace-all/workspace-centennial/CENTENNIAL/02-MWTN-PoC/code/odl/commons/config-parent/pom.xml.
2016-04-14 15:52:46,991 [Worker-7] INFO  o.e.m.c.i.l.LifecycleMappingFactory - Using org.eclipse.m2e.jdt.JarLifecycleMapping lifecycle mapping for MavenProject: org.opendaylight.wtg:configuration:0.0.1-SNAPSHOT @ /home/mknair/workspace-all/workspace-centennial/CENTENNIAL/02-MWTN-PoC/code/odl/commons/configuration/pom.xml.
2016-04-14 15:52:47,264 [Worker-7] INFO  o.e.m.c.i.l.LifecycleMappingFactory - Using DEFAULT lifecycle mapping for MavenProject: org.opendaylight.wtg:devicemodel:0.0.1-SNAPSHOT @ /home/mknair/workspace-all/workspace-centennial/CENTENNIAL/02-MWTN-PoC/code/odl/devicemodel/pom.xml.
2016-04-14 15:52:47,295 [Worker-7] INFO  o.e.m.c.i.l.LifecycleMappingFactory - Using NULL lifecycle mapping for MavenProject: org.opendaylight.wtg:eventmanager:0.0.1-SNAPSHOT @ /home/mknair/workspace-all/workspace-centennial/CENTENNIAL/02-MWTN-PoC/code/odl/eventmanager/pom.xml.
2016-04-14 15:52:47,429 [Worker-7] INFO  o.e.m.c.i.l.LifecycleMappingFactory - Using DEFAULT lifecycle mapping for MavenProject: org.opendaylight.wtg:eventmanager-api:0.0.1-SNAPSHOT @ /home/mknair/workspace-all/workspace-centennial/CENTENNIAL/02-MWTN-PoC/code/odl/eventmanager/api/pom.xml.
2016-04-14 15:52:47,540 [Worker-7] INFO  o.e.m.c.i.l.LifecycleMappingFactory - Using DEFAULT lifecycle mapping for MavenProject: org.opendaylight.wtg:eventmanager-impl:0.0.1-SNAPSHOT @ /home/mknair/workspace-all/workspace-centennial/CENTENNIAL/02-MWTN-PoC/code/odl/eventmanager/impl/pom.xml.
2016-04-14 15:52:47,767 [Worker-7] INFO  o.e.m.c.i.l.LifecycleMappingFactory - Using org.eclipse.m2e.jdt.JarLifecycleMapping lifecycle mapping for MavenProject: org.opendaylight.wtg:microwavetransport-features:0.0.1-SNAPSHOT @ /home/mknair/workspace-all/workspace-centennial/CENTENNIAL/02-MWTN-PoC/code/odl/features/pom.xml.
2016-04-14 15:52:49,120 [Worker-7] INFO  o.e.m.c.i.l.LifecycleMappingFactory - Using org.eclipse.m2e.jdt.JarLifecycleMapping lifecycle mapping for MavenProject: org.opendaylight.wtg:distribution-karaf:0.0.1-SNAPSHOT @ /home/mknair/workspace-all/workspace-centennial/CENTENNIAL/02-MWTN-PoC/code/odl/karaf/pom.xml.
2016-04-14 15:52:49,268 [Worker-7] INFO  o.e.m.c.i.l.LifecycleMappingFactory - Using NULL lifecycle mapping for MavenProject: org.opendaylight.wtg:nediscovery:0.0.1-SNAPSHOT @ /home/mknair/workspace-all/workspace-centennial/CENTENNIAL/02-MWTN-PoC/code/odl/nediscovery/pom.xml.
2016-04-14 15:52:49,404 [Worker-7] INFO  o.e.m.c.i.l.LifecycleMappingFactory - Using DEFAULT lifecycle mapping for MavenProject: org.opendaylight.wtg:nediscovery-api:0.0.1-SNAPSHOT @ /home/mknair/workspace-all/workspace-centennial/CENTENNIAL/02-MWTN-PoC/code/odl/nediscovery/api/pom.xml.
2016-04-14 15:52:49,542 [Worker-7] INFO  o.e.m.c.i.l.LifecycleMappingFactory - Using DEFAULT lifecycle mapping for MavenProject: org.opendaylight.wtg:nediscovery-impl:0.0.1-SNAPSHOT @ /home/mknair/workspace-all/workspace-centennial/CENTENNIAL/02-MWTN-PoC/code/odl/nediscovery/impl/pom.xml.
2016-04-14 15:52:49,575 [Worker-7] INFO  o.e.m.c.i.l.LifecycleMappingFactory - Using NULL lifecycle mapping for MavenProject: org.opendaylight.wtg:netconfconnector:0.0.1-SNAPSHOT @ /home/mknair/workspace-all/workspace-centennial/CENTENNIAL/02-MWTN-PoC/code/odl/netconfconnector/pom.xml.
2016-04-14 15:52:49,731 [Worker-7] INFO  o.e.m.c.i.l.LifecycleMappingFactory - Using DEFAULT lifecycle mapping for MavenProject: org.opendaylight.wtg:netconfconnector-api:0.0.1-SNAPSHOT @ /home/mknair/workspace-all/workspace-centennial/CENTENNIAL/02-MWTN-PoC/code/odl/netconfconnector/api/pom.xml.
2016-04-14 15:52:49,916 [Worker-7] INFO  o.e.m.c.i.l.LifecycleMappingFactory - Using DEFAULT lifecycle mapping for MavenProject: org.opendaylight.wtg:netconfconnector-impl:0.0.1-SNAPSHOT @ /home/mknair/workspace-all/workspace-centennial/CENTENNIAL/02-MWTN-PoC/code/odl/netconfconnector/impl/pom.xml.
2016-04-14 15:52:49,943 [Worker-7] INFO  o.e.m.c.i.l.LifecycleMappingFactory - Using NULL lifecycle mapping for MavenProject: org.opendaylight.wtg:websocketmanager:0.0.1-SNAPSHOT @ /home/mknair/workspace-all/workspace-centennial/CENTENNIAL/02-MWTN-PoC/code/odl/websocketmanager/pom.xml.
2016-04-14 15:52:50,178 [Worker-7] INFO  o.e.m.c.i.l.LifecycleMappingFactory - Using DEFAULT lifecycle mapping for MavenProject: org.opendaylight.wtg:websocketmanager-api:0.0.1-SNAPSHOT @ /home/mknair/workspace-all/workspace-centennial/CENTENNIAL/02-MWTN-PoC/code/odl/websocketmanager/api/pom.xml.
2016-04-14 15:52:50,296 [Worker-7] INFO  o.e.m.c.i.l.LifecycleMappingFactory - Using DEFAULT lifecycle mapping for MavenProject: org.opendaylight.wtg:websocketmanager-impl:0.0.1-SNAPSHOT @ /home/mknair/workspace-all/workspace-centennial/CENTENNIAL/02-MWTN-PoC/code/odl/websocketmanager/impl/pom.xml.
2016-04-14 15:52:52,174 [Worker-7] INFO  o.e.m.j.i.AbstractJavaProjectConfigurator - Adding source folder /configuration/src/main/java
2016-04-14 15:52:52,175 [Worker-7] INFO  o.e.m.j.i.AbstractJavaProjectConfigurator - Adding source folder /configuration/src/test/java
2016-04-14 15:52:52,277 [Worker-7] INFO  o.e.m.j.i.AbstractJavaProjectConfigurator - Adding source folder /devicemodel/src/main/java
2016-04-14 15:52:52,277 [Worker-7] INFO  o.e.m.j.i.AbstractJavaProjectConfigurator - Adding source folder /devicemodel/src/test/java
2016-04-14 15:52:52,314 [Worker-7] INFO  o.e.m.j.i.AbstractJavaProjectConfigurator - Adding source folder /eventmanager-api/src/main/java
2016-04-14 15:52:52,314 [Worker-7] INFO  o.e.m.j.i.AbstractJavaProjectConfigurator - Adding source folder /eventmanager-api/src/test/java
2016-04-14 15:52:52,343 [Worker-7] INFO  o.e.m.j.i.AbstractJavaProjectConfigurator - Adding source folder /eventmanager-impl/src/main/java
2016-04-14 15:52:52,343 [Worker-7] INFO  o.e.m.j.i.AbstractJavaProjectConfigurator - Adding source folder /eventmanager-impl/src/test/java
2016-04-14 15:52:52,427 [Worker-7] INFO  o.e.m.j.i.AbstractJavaProjectConfigurator - Adding source folder /features/src/main/java
2016-04-14 15:52:52,428 [Worker-7] INFO  o.e.m.j.i.AbstractJavaProjectConfigurator - Adding source folder /features/src/test/java
2016-04-14 15:52:52,542 [Worker-7] INFO  o.e.m.j.i.AbstractJavaProjectConfigurator - Adding source folder /karaf/src/main/java
2016-04-14 15:52:52,542 [Worker-7] INFO  o.e.m.j.i.AbstractJavaProjectConfigurator - Adding source folder /karaf/src/test/java
2016-04-14 15:52:52,652 [Worker-7] INFO  o.e.m.j.i.AbstractJavaProjectConfigurator - Adding source folder /nediscovery-api/src/main/java
2016-04-14 15:52:52,653 [Worker-7] INFO  o.e.m.j.i.AbstractJavaProjectConfigurator - Adding source folder /nediscovery-api/src/test/java
2016-04-14 15:52:52,677 [Worker-7] INFO  o.e.m.j.i.AbstractJavaProjectConfigurator - Adding source folder /nediscovery-impl/src/main/java
2016-04-14 15:52:52,677 [Worker-7] INFO  o.e.m.j.i.AbstractJavaProjectConfigurator - Adding source folder /nediscovery-impl/src/test/java
2016-04-14 15:52:52,699 [Worker-7] INFO  o.e.m.j.i.AbstractJavaProjectConfigurator - Adding source folder /netconfconnector-api/src/main/java
2016-04-14 15:52:52,699 [Worker-7] INFO  o.e.m.j.i.AbstractJavaProjectConfigurator - Adding source folder /netconfconnector-api/src/test/java
2016-04-14 15:52:52,718 [Worker-7] INFO  o.e.m.j.i.AbstractJavaProjectConfigurator - Adding source folder /netconfconnector-impl/src/main/java
2016-04-14 15:52:52,718 [Worker-7] INFO  o.e.m.j.i.AbstractJavaProjectConfigurator - Adding source folder /netconfconnector-impl/src/test/java
2016-04-14 15:52:52,747 [Worker-7] INFO  o.e.m.j.i.AbstractJavaProjectConfigurator - Adding source folder /websocketmanager-api/src/main/java
2016-04-14 15:52:52,748 [Worker-7] INFO  o.e.m.j.i.AbstractJavaProjectConfigurator - Adding source folder /websocketmanager-api/src/test/java
2016-04-14 15:52:52,770 [Worker-7] INFO  o.e.m.j.i.AbstractJavaProjectConfigurator - Adding source folder /websocketmanager-impl/src/main/java
2016-04-14 15:52:52,770 [Worker-7] INFO  o.e.m.j.i.AbstractJavaProjectConfigurator - Adding source folder /websocketmanager-impl/src/test/java
2016-04-14 15:52:53,092 [Worker-7] INFO  o.e.m.c.i.p.ProjectConfigurationManager - Update completed: 7 sec
2016-04-14 15:52:53,480 [Worker-12] WARN  o.e.m.c.i.embedder.EclipseLogger - Using platform encoding (UTF-8 actually) to copy filtered resources, i.e. build is platform dependent!
2016-04-14 15:52:53,480 [Worker-12] INFO  o.e.m.c.i.embedder.EclipseLogger - skip non existing resourceDirectory /home/mknair/workspace-all/workspace-centennial/CENTENNIAL/02-MWTN-PoC/code/odl/commons/configuration/src/main/resources
2016-04-14 15:52:53,481 [Worker-12] WARN  o.e.m.c.i.embedder.EclipseLogger - Using platform encoding (UTF-8 actually) to copy filtered resources, i.e. build is platform dependent!
2016-04-14 15:52:53,482 [Worker-12] INFO  o.e.m.c.i.embedder.EclipseLogger - skip non existing resourceDirectory /home/mknair/workspace-all/workspace-centennial/CENTENNIAL/02-MWTN-PoC/code/odl/commons/configuration/src/test/resources
2016-04-14 15:52:53,669 [Worker-12] INFO  o.e.m.c.i.embedder.EclipseLogger - Using 'UTF-8' encoding to copy filtered resources.
2016-04-14 15:52:53,669 [Worker-12] INFO  o.e.m.c.i.embedder.EclipseLogger - skip non existing resourceDirectory /home/mknair/workspace-all/workspace-centennial/CENTENNIAL/02-MWTN-PoC/code/odl/devicemodel/src/main/resources
2016-04-14 15:52:53,671 [Worker-12] INFO  o.e.m.c.i.embedder.EclipseLogger - Using 'UTF-8' encoding to copy filtered resources.
2016-04-14 15:52:53,671 [Worker-12] INFO  o.e.m.c.i.embedder.EclipseLogger - skip non existing resourceDirectory /home/mknair/workspace-all/workspace-centennial/CENTENNIAL/02-MWTN-PoC/code/odl/devicemodel/src/test/resources
2016-04-14 15:52:54,003 [Worker-12] INFO  o.e.m.c.i.embedder.EclipseLogger - Using 'UTF-8' encoding to copy filtered resources.
2016-04-14 15:52:54,004 [Worker-12] INFO  o.e.m.c.i.embedder.EclipseLogger - skip non existing resourceDirectory /home/mknair/workspace-all/workspace-centennial/CENTENNIAL/02-MWTN-PoC/code/odl/eventmanager/api/src/main/resources
2016-04-14 15:52:54,005 [Worker-12] INFO  o.e.m.c.i.embedder.EclipseLogger - Using 'UTF-8' encoding to copy filtered resources.
2016-04-14 15:52:54,005 [Worker-12] INFO  o.e.m.c.i.embedder.EclipseLogger - skip non existing resourceDirectory /home/mknair/workspace-all/workspace-centennial/CENTENNIAL/02-MWTN-PoC/code/odl/eventmanager/api/src/test/resources
2016-04-14 15:52:54,165 [Worker-12] INFO  o.e.m.c.i.embedder.EclipseLogger - Using 'UTF-8' encoding to copy filtered resources.
2016-04-14 15:52:54,165 [Worker-12] INFO  o.e.m.c.i.embedder.EclipseLogger - skip non existing resourceDirectory /home/mknair/workspace-all/workspace-centennial/CENTENNIAL/02-MWTN-PoC/code/odl/nediscovery/api/src/main/resources
2016-04-14 15:52:54,166 [Worker-12] INFO  o.e.m.c.i.embedder.EclipseLogger - Using 'UTF-8' encoding to copy filtered resources.
2016-04-14 15:52:54,166 [Worker-12] INFO  o.e.m.c.i.embedder.EclipseLogger - skip non existing resourceDirectory /home/mknair/workspace-all/workspace-centennial/CENTENNIAL/02-MWTN-PoC/code/odl/nediscovery/api/src/test/resources
2016-04-14 15:52:54,328 [Worker-12] INFO  o.e.m.c.i.embedder.EclipseLogger - Using 'UTF-8' encoding to copy filtered resources.
2016-04-14 15:52:54,328 [Worker-12] INFO  o.e.m.c.i.embedder.EclipseLogger - skip non existing resourceDirectory /home/mknair/workspace-all/workspace-centennial/CENTENNIAL/02-MWTN-PoC/code/odl/netconfconnector/api/src/main/resources
2016-04-14 15:52:54,330 [Worker-12] INFO  o.e.m.c.i.embedder.EclipseLogger - Using 'UTF-8' encoding to copy filtered resources.
2016-04-14 15:52:54,330 [Worker-12] INFO  o.e.m.c.i.embedder.EclipseLogger - skip non existing resourceDirectory /home/mknair/workspace-all/workspace-centennial/CENTENNIAL/02-MWTN-PoC/code/odl/netconfconnector/api/src/test/resources
2016-04-14 15:52:54,710 [Worker-12] INFO  o.e.m.c.i.embedder.EclipseLogger - Using 'UTF-8' encoding to copy filtered resources.
2016-04-14 15:52:54,710 [Worker-12] INFO  o.e.m.c.i.embedder.EclipseLogger - skip non existing resourceDirectory /home/mknair/workspace-all/workspace-centennial/CENTENNIAL/02-MWTN-PoC/code/odl/nediscovery/impl/src/main/resources
2016-04-14 15:52:54,711 [Worker-12] INFO  o.e.m.c.i.embedder.EclipseLogger - Using 'UTF-8' encoding to copy filtered resources.
2016-04-14 15:52:54,712 [Worker-12] INFO  o.e.m.c.i.embedder.EclipseLogger - skip non existing resourceDirectory /home/mknair/workspace-all/workspace-centennial/CENTENNIAL/02-MWTN-PoC/code/odl/nediscovery/impl/src/test/resources
2016-04-14 15:52:54,973 [Worker-12] INFO  o.e.m.c.i.embedder.EclipseLogger - Using 'UTF-8' encoding to copy filtered resources.
2016-04-14 15:52:54,973 [Worker-12] INFO  o.e.m.c.i.embedder.EclipseLogger - skip non existing resourceDirectory /home/mknair/workspace-all/workspace-centennial/CENTENNIAL/02-MWTN-PoC/code/odl/netconfconnector/impl/src/main/resources
2016-04-14 15:52:54,974 [Worker-12] INFO  o.e.m.c.i.embedder.EclipseLogger - Using 'UTF-8' encoding to copy filtered resources.
2016-04-14 15:52:54,974 [Worker-12] INFO  o.e.m.c.i.embedder.EclipseLogger - skip non existing resourceDirectory /home/mknair/workspace-all/workspace-centennial/CENTENNIAL/02-MWTN-PoC/code/odl/netconfconnector/impl/src/test/resources
2016-04-14 15:52:55,198 [Worker-12] INFO  o.e.m.c.i.embedder.EclipseLogger - Using 'UTF-8' encoding to copy filtered resources.
2016-04-14 15:52:55,198 [Worker-12] INFO  o.e.m.c.i.embedder.EclipseLogger - skip non existing resourceDirectory /home/mknair/workspace-all/workspace-centennial/CENTENNIAL/02-MWTN-PoC/code/odl/websocketmanager/api/src/main/resources
2016-04-14 15:52:55,199 [Worker-12] INFO  o.e.m.c.i.embedder.EclipseLogger - Using 'UTF-8' encoding to copy filtered resources.
2016-04-14 15:52:55,199 [Worker-12] INFO  o.e.m.c.i.embedder.EclipseLogger - skip non existing resourceDirectory /home/mknair/workspace-all/workspace-centennial/CENTENNIAL/02-MWTN-PoC/code/odl/websocketmanager/api/src/test/resources
2016-04-14 15:52:55,628 [Worker-12] INFO  o.e.m.c.i.embedder.EclipseLogger - Using 'UTF-8' encoding to copy filtered resources.
2016-04-14 15:52:55,628 [Worker-12] INFO  o.e.m.c.i.embedder.EclipseLogger - skip non existing resourceDirectory /home/mknair/workspace-all/workspace-centennial/CENTENNIAL/02-MWTN-PoC/code/odl/eventmanager/impl/src/main/resources
2016-04-14 15:52:55,631 [Worker-12] INFO  o.e.m.c.i.embedder.EclipseLogger - Using 'UTF-8' encoding to copy filtered resources.
2016-04-14 15:52:55,632 [Worker-12] INFO  o.e.m.c.i.embedder.EclipseLogger - skip non existing resourceDirectory /home/mknair/workspace-all/workspace-centennial/CENTENNIAL/02-MWTN-PoC/code/odl/eventmanager/impl/src/test/resources
2016-04-14 15:52:55,859 [Worker-12] INFO  o.e.m.c.i.embedder.EclipseLogger - Using 'UTF-8' encoding to copy filtered resources.
2016-04-14 15:52:55,860 [Worker-12] INFO  o.e.m.c.i.embedder.EclipseLogger - skip non existing resourceDirectory /home/mknair/workspace-all/workspace-centennial/CENTENNIAL/02-MWTN-PoC/code/odl/websocketmanager/impl/src/main/resources
2016-04-14 15:52:55,861 [Worker-12] INFO  o.e.m.c.i.embedder.EclipseLogger - Using 'UTF-8' encoding to copy filtered resources.
2016-04-14 15:52:55,861 [Worker-12] INFO  o.e.m.c.i.embedder.EclipseLogger - skip non existing resourceDirectory /home/mknair/workspace-all/workspace-centennial/CENTENNIAL/02-MWTN-PoC/code/odl/websocketmanager/impl/src/test/resources
2016-04-14 15:52:57,384 [Worker-12] INFO  o.e.m.c.i.embedder.EclipseLogger - Using 'UTF-8' encoding to copy filtered resources.
2016-04-14 15:52:57,384 [Worker-12] INFO  o.e.m.c.i.embedder.EclipseLogger - skip non existing resourceDirectory /home/mknair/workspace-all/workspace-centennial/CENTENNIAL/02-MWTN-PoC/code/odl/karaf/src/main/resources
2016-04-14 15:52:57,386 [Worker-12] INFO  o.e.m.c.i.embedder.EclipseLogger - Using 'UTF-8' encoding to copy filtered resources.
2016-04-14 15:52:57,386 [Worker-12] INFO  o.e.m.c.i.embedder.EclipseLogger - skip non existing resourceDirectory /home/mknair/workspace-all/workspace-centennial/CENTENNIAL/02-MWTN-PoC/code/odl/karaf/src/test/resources
2016-04-14 15:52:57,388 [Worker-12] INFO  o.e.m.c.i.embedder.EclipseLogger - Using 'UTF-8' encoding to copy filtered resources.
2016-04-14 15:52:57,388 [Worker-12] INFO  o.e.m.c.i.embedder.EclipseLogger - skip non existing resourceDirectory /home/mknair/workspace-all/workspace-centennial/CENTENNIAL/02-MWTN-PoC/code/odl/karaf/src/main/assembly
2016-04-14 15:52:58,522 [Worker-12] INFO  o.e.m.c.i.embedder.EclipseLogger - Using 'UTF-8' encoding to copy filtered resources.
2016-04-14 15:52:58,522 [Worker-12] INFO  o.e.m.c.i.embedder.EclipseLogger - skip non existing resourceDirectory /home/mknair/workspace-all/workspace-centennial/CENTENNIAL/02-MWTN-PoC/code/odl/features/src/main/resources
2016-04-14 15:52:58,523 [Worker-12] INFO  o.e.m.c.i.embedder.EclipseLogger - Using 'UTF-8' encoding to copy filtered resources.
2016-04-14 15:52:58,523 [Worker-12] INFO  o.e.m.c.i.embedder.EclipseLogger - skip non existing resourceDirectory /home/mknair/workspace-all/workspace-centennial/CENTENNIAL/02-MWTN-PoC/code/odl/features/src/main/resources
2016-04-14 15:52:58,524 [Worker-12] INFO  o.e.m.c.i.embedder.EclipseLogger - Using 'UTF-8' encoding to copy filtered resources.
2016-04-14 15:52:58,524 [Worker-12] INFO  o.e.m.c.i.embedder.EclipseLogger - skip non existing resourceDirectory /home/mknair/workspace-all/workspace-centennial/CENTENNIAL/02-MWTN-PoC/code/odl/features/src/test/resources
2016-04-14 15:55:10,956 [Worker-13] INFO  o.e.m.c.i.embedder.EclipseLogger - Using 'UTF-8' encoding to copy filtered resources.
2016-04-14 15:55:10,957 [Worker-13] INFO  o.e.m.c.i.embedder.EclipseLogger - skip non existing resourceDirectory /home/mknair/workspace-all/workspace-centennial/CENTENNIAL/02-MWTN-PoC/code/odl/eventmanager/impl/src/main/resources
2016-04-14 15:55:10,958 [Worker-13] INFO  o.e.m.c.i.embedder.EclipseLogger - Using 'UTF-8' encoding to copy filtered resources.
2016-04-14 15:55:10,958 [Worker-13] INFO  o.e.m.c.i.embedder.EclipseLogger - skip non existing resourceDirectory /home/mknair/workspace-all/workspace-centennial/CENTENNIAL/02-MWTN-PoC/code/odl/eventmanager/impl/src/test/resources
2016-04-14 15:56:56,292 [Worker-15] INFO  o.e.m.c.i.embedder.EclipseLogger - Using 'UTF-8' encoding to copy filtered resources.
2016-04-14 15:56:56,292 [Worker-15] INFO  o.e.m.c.i.embedder.EclipseLogger - skip non existing resourceDirectory /home/mknair/workspace-all/workspace-centennial/CENTENNIAL/02-MWTN-PoC/code/odl/eventmanager/impl/src/main/resources
2016-04-14 15:56:56,293 [Worker-15] INFO  o.e.m.c.i.embedder.EclipseLogger - Using 'UTF-8' encoding to copy filtered resources.
2016-04-14 15:56:56,293 [Worker-15] INFO  o.e.m.c.i.embedder.EclipseLogger - skip non existing resourceDirectory /home/mknair/workspace-all/workspace-centennial/CENTENNIAL/02-MWTN-PoC/code/odl/eventmanager/impl/src/test/resources
2016-04-14 15:58:20,713 [Worker-16] INFO  o.e.m.c.i.embedder.EclipseLogger - Using 'UTF-8' encoding to copy filtered resources.
2016-04-14 15:58:20,713 [Worker-16] INFO  o.e.m.c.i.embedder.EclipseLogger - skip non existing resourceDirectory /home/mknair/workspace-all/workspace-centennial/CENTENNIAL/02-MWTN-PoC/code/odl/eventmanager/impl/src/main/resources
2016-04-14 15:58:20,714 [Worker-16] INFO  o.e.m.c.i.embedder.EclipseLogger - Using 'UTF-8' encoding to copy filtered resources.
2016-04-14 15:58:20,714 [Worker-16] INFO  o.e.m.c.i.embedder.EclipseLogger - skip non existing resourceDirectory /home/mknair/workspace-all/workspace-centennial/CENTENNIAL/02-MWTN-PoC/code/odl/eventmanager/impl/src/test/resources
2016-04-14 15:59:18,441 [Worker-16] INFO  o.e.m.c.i.embedder.EclipseLogger - Using 'UTF-8' encoding to copy filtered resources.
2016-04-14 15:59:18,441 [Worker-16] INFO  o.e.m.c.i.embedder.EclipseLogger - skip non existing resourceDirectory /home/mknair/workspace-all/workspace-centennial/CENTENNIAL/02-MWTN-PoC/code/odl/eventmanager/impl/src/main/resources
2016-04-14 15:59:18,442 [Worker-16] INFO  o.e.m.c.i.embedder.EclipseLogger - Using 'UTF-8' encoding to copy filtered resources.
2016-04-14 15:59:18,442 [Worker-16] INFO  o.e.m.c.i.embedder.EclipseLogger - skip non existing resourceDirectory /home/mknair/workspace-all/workspace-centennial/CENTENNIAL/02-MWTN-PoC/code/odl/eventmanager/impl/src/test/resources
2016-04-14 16:01:37,548 [Worker-12] INFO  o.e.m.c.i.embedder.EclipseLogger - Using 'UTF-8' encoding to copy filtered resources.
2016-04-14 16:01:37,548 [Worker-12] INFO  o.e.m.c.i.embedder.EclipseLogger - skip non existing resourceDirectory /home/mknair/workspace-all/workspace-centennial/CENTENNIAL/02-MWTN-PoC/code/odl/eventmanager/impl/src/main/resources
2016-04-14 16:01:37,549 [Worker-12] INFO  o.e.m.c.i.embedder.EclipseLogger - Using 'UTF-8' encoding to copy filtered resources.
2016-04-14 16:01:37,549 [Worker-12] INFO  o.e.m.c.i.embedder.EclipseLogger - skip non existing resourceDirectory /home/mknair/workspace-all/workspace-centennial/CENTENNIAL/02-MWTN-PoC/code/odl/eventmanager/impl/src/test/resources
2016-04-14 16:04:26,604 [Worker-12] INFO  o.e.m.c.i.l.LifecycleMappingFactory - Using NULL lifecycle mapping for MavenProject: org.opendaylight.wtg:eventmanager:0.0.1-SNAPSHOT @ /home/mknair/workspace-all/workspace-centennial/CENTENNIAL/02-MWTN-PoC/code/odl/eventmanager/pom.xml.
2016-04-14 16:04:26,672 [Worker-12] INFO  o.e.m.c.i.e.AbstractTransferListenerAdapter - Downloaded http://nexus.opendaylight.org/content/repositories/public/org/opendaylight/netconf/sal-netconf-connector/${mdsal.version}/sal-netconf-connector-${mdsal.version}.pom
2016-04-14 16:04:26,674 [Worker-12] INFO  o.e.m.c.i.e.AbstractTransferListenerAdapter - Downloaded https://repo.maven.apache.org/maven2/org/opendaylight/netconf/sal-netconf-connector/${mdsal.version}/sal-netconf-connector-${mdsal.version}.pom
2016-04-14 16:04:26,678 [Worker-12] INFO  o.e.m.c.i.e.AbstractTransferListenerAdapter - Downloaded http://nexus.opendaylight.org/content/repositories/public/org/opendaylight/controller/model/model-inventory/${mdsal.version}/model-inventory-${mdsal.version}.pom
2016-04-14 16:04:26,679 [Worker-12] INFO  o.e.m.c.i.e.AbstractTransferListenerAdapter - Downloaded https://repo.maven.apache.org/maven2/org/opendaylight/controller/model/model-inventory/${mdsal.version}/model-inventory-${mdsal.version}.pom
2016-04-14 16:04:48,018 [Worker-17] INFO  o.e.m.c.i.l.LifecycleMappingFactory - Using NULL lifecycle mapping for MavenProject: org.opendaylight.wtg:eventmanager:0.0.1-SNAPSHOT @ /home/mknair/workspace-all/workspace-centennial/CENTENNIAL/02-MWTN-PoC/code/odl/eventmanager/pom.xml.
2016-04-14 16:04:55,262 [Worker-12] INFO  o.e.m.c.i.l.LifecycleMappingFactory - Using NULL lifecycle mapping for MavenProject: org.opendaylight.wtg:eventmanager:0.0.1-SNAPSHOT @ /home/mknair/workspace-all/workspace-centennial/CENTENNIAL/02-MWTN-PoC/code/odl/eventmanager/pom.xml.
2016-04-14 16:10:58,566 [Worker-21] INFO  o.e.m.c.i.l.LifecycleMappingFactory - Using NULL lifecycle mapping for MavenProject: org.opendaylight.wtg:config-parent:0.0.1-SNAPSHOT @ /home/mknair/workspace-all/workspace-centennial/CENTENNIAL/02-MWTN-PoC/code/odl/commons/config-parent/pom.xml.
2016-04-14 16:10:58,824 [Worker-21] INFO  o.e.m.c.i.l.LifecycleMappingFactory - Using DEFAULT lifecycle mapping for MavenProject: org.opendaylight.wtg:netconfconnector-impl:0.0.1-SNAPSHOT @ /home/mknair/workspace-all/workspace-centennial/CENTENNIAL/02-MWTN-PoC/code/odl/netconfconnector/impl/pom.xml.
2016-04-14 16:10:58,921 [Worker-21] INFO  o.e.m.c.i.l.LifecycleMappingFactory - Using DEFAULT lifecycle mapping for MavenProject: org.opendaylight.wtg:devicemodel:0.0.1-SNAPSHOT @ /home/mknair/workspace-all/workspace-centennial/CENTENNIAL/02-MWTN-PoC/code/odl/devicemodel/pom.xml.
2016-04-14 16:10:59,056 [Worker-21] INFO  o.e.m.c.i.l.LifecycleMappingFactory - Using DEFAULT lifecycle mapping for MavenProject: org.opendaylight.wtg:nediscovery-impl:0.0.1-SNAPSHOT @ /home/mknair/workspace-all/workspace-centennial/CENTENNIAL/02-MWTN-PoC/code/odl/nediscovery/impl/pom.xml.
2016-04-14 16:10:59,148 [Worker-21] INFO  o.e.m.c.i.l.LifecycleMappingFactory - Using DEFAULT lifecycle mapping for MavenProject: org.opendaylight.wtg:netconfconnector-api:0.0.1-SNAPSHOT @ /home/mknair/workspace-all/workspace-centennial/CENTENNIAL/02-MWTN-PoC/code/odl/netconfconnector/api/pom.xml.
2016-04-14 16:10:59,244 [Worker-21] INFO  o.e.m.c.i.l.LifecycleMappingFactory - Using DEFAULT lifecycle mapping for MavenProject: org.opendaylight.wtg:eventmanager-impl:0.0.1-SNAPSHOT @ /home/mknair/workspace-all/workspace-centennial/CENTENNIAL/02-MWTN-PoC/code/odl/eventmanager/impl/pom.xml.
2016-04-14 16:10:59,464 [Worker-21] INFO  o.e.m.c.i.l.LifecycleMappingFactory - Using DEFAULT lifecycle mapping for MavenProject: org.opendaylight.wtg:nediscovery-api:0.0.1-SNAPSHOT @ /home/mknair/workspace-all/workspace-centennial/CENTENNIAL/02-MWTN-PoC/code/odl/nediscovery/api/pom.xml.
2016-04-14 16:10:59,606 [Worker-21] INFO  o.e.m.c.i.l.LifecycleMappingFactory - Using DEFAULT lifecycle mapping for MavenProject: org.opendaylight.wtg:websocketmanager-impl:0.0.1-SNAPSHOT @ /home/mknair/workspace-all/workspace-centennial/CENTENNIAL/02-MWTN-PoC/code/odl/websocketmanager/impl/pom.xml.
2016-04-14 16:10:59,755 [Worker-21] INFO  o.e.m.c.i.l.LifecycleMappingFactory - Using DEFAULT lifecycle mapping for MavenProject: org.opendaylight.wtg:eventmanager-api:0.0.1-SNAPSHOT @ /home/mknair/workspace-all/workspace-centennial/CENTENNIAL/02-MWTN-PoC/code/odl/eventmanager/api/pom.xml.
2016-04-14 16:10:59,913 [Worker-21] INFO  o.e.m.c.i.l.LifecycleMappingFactory - Using DEFAULT lifecycle mapping for MavenProject: org.opendaylight.wtg:websocketmanager-api:0.0.1-SNAPSHOT @ /home/mknair/workspace-all/workspace-centennial/CENTENNIAL/02-MWTN-PoC/code/odl/websocketmanager/api/pom.xml.
2016-04-14 16:11:01,006 [Worker-21] INFO  o.e.m.c.i.embedder.EclipseLogger - Using 'UTF-8' encoding to copy filtered resources.
2016-04-14 16:11:01,006 [Worker-21] INFO  o.e.m.c.i.embedder.EclipseLogger - skip non existing resourceDirectory /home/mknair/workspace-all/workspace-centennial/CENTENNIAL/02-MWTN-PoC/code/odl/devicemodel/src/main/resources
2016-04-14 16:11:01,008 [Worker-21] INFO  o.e.m.c.i.embedder.EclipseLogger - Using 'UTF-8' encoding to copy filtered resources.
2016-04-14 16:11:01,009 [Worker-21] INFO  o.e.m.c.i.embedder.EclipseLogger - skip non existing resourceDirectory /home/mknair/workspace-all/workspace-centennial/CENTENNIAL/02-MWTN-PoC/code/odl/devicemodel/src/test/resources
2016-04-14 16:11:01,121 [Worker-21] INFO  o.e.m.c.i.embedder.EclipseLogger - Using 'UTF-8' encoding to copy filtered resources.
2016-04-14 16:11:01,121 [Worker-21] INFO  o.e.m.c.i.embedder.EclipseLogger - skip non existing resourceDirectory /home/mknair/workspace-all/workspace-centennial/CENTENNIAL/02-MWTN-PoC/code/odl/eventmanager/api/src/main/resources
2016-04-14 16:11:01,123 [Worker-21] INFO  o.e.m.c.i.embedder.EclipseLogger - Using 'UTF-8' encoding to copy filtered resources.
2016-04-14 16:11:01,123 [Worker-21] INFO  o.e.m.c.i.embedder.EclipseLogger - skip non existing resourceDirectory /home/mknair/workspace-all/workspace-centennial/CENTENNIAL/02-MWTN-PoC/code/odl/eventmanager/api/src/test/resources
2016-04-14 16:11:01,264 [Worker-21] INFO  o.e.m.c.i.embedder.EclipseLogger - Using 'UTF-8' encoding to copy filtered resources.
2016-04-14 16:11:01,264 [Worker-21] INFO  o.e.m.c.i.embedder.EclipseLogger - skip non existing resourceDirectory /home/mknair/workspace-all/workspace-centennial/CENTENNIAL/02-MWTN-PoC/code/odl/nediscovery/api/src/main/resources
2016-04-14 16:11:01,265 [Worker-21] INFO  o.e.m.c.i.embedder.EclipseLogger - Using 'UTF-8' encoding to copy filtered resources.
2016-04-14 16:11:01,265 [Worker-21] INFO  o.e.m.c.i.embedder.EclipseLogger - skip non existing resourceDirectory /home/mknair/workspace-all/workspace-centennial/CENTENNIAL/02-MWTN-PoC/code/odl/nediscovery/api/src/test/resources
2016-04-14 16:11:01,486 [Worker-21] INFO  o.e.m.c.i.embedder.EclipseLogger - Using 'UTF-8' encoding to copy filtered resources.
2016-04-14 16:11:01,486 [Worker-21] INFO  o.e.m.c.i.embedder.EclipseLogger - skip non existing resourceDirectory /home/mknair/workspace-all/workspace-centennial/CENTENNIAL/02-MWTN-PoC/code/odl/netconfconnector/api/src/main/resources
2016-04-14 16:11:01,486 [Worker-21] INFO  o.e.m.c.i.embedder.EclipseLogger - Using 'UTF-8' encoding to copy filtered resources.
2016-04-14 16:11:01,486 [Worker-21] INFO  o.e.m.c.i.embedder.EclipseLogger - skip non existing resourceDirectory /home/mknair/workspace-all/workspace-centennial/CENTENNIAL/02-MWTN-PoC/code/odl/netconfconnector/api/src/test/resources
2016-04-14 16:11:01,623 [Worker-21] INFO  o.e.m.c.i.embedder.EclipseLogger - Using 'UTF-8' encoding to copy filtered resources.
2016-04-14 16:11:01,623 [Worker-21] INFO  o.e.m.c.i.embedder.EclipseLogger - skip non existing resourceDirectory /home/mknair/workspace-all/workspace-centennial/CENTENNIAL/02-MWTN-PoC/code/odl/nediscovery/impl/src/main/resources
2016-04-14 16:11:01,624 [Worker-21] INFO  o.e.m.c.i.embedder.EclipseLogger - Using 'UTF-8' encoding to copy filtered resources.
2016-04-14 16:11:01,624 [Worker-21] INFO  o.e.m.c.i.embedder.EclipseLogger - skip non existing resourceDirectory /home/mknair/workspace-all/workspace-centennial/CENTENNIAL/02-MWTN-PoC/code/odl/nediscovery/impl/src/test/resources
2016-04-14 16:11:01,748 [Worker-21] INFO  o.e.m.c.i.embedder.EclipseLogger - Using 'UTF-8' encoding to copy filtered resources.
2016-04-14 16:11:01,748 [Worker-21] INFO  o.e.m.c.i.embedder.EclipseLogger - skip non existing resourceDirectory /home/mknair/workspace-all/workspace-centennial/CENTENNIAL/02-MWTN-PoC/code/odl/netconfconnector/impl/src/main/resources
2016-04-14 16:11:01,749 [Worker-21] INFO  o.e.m.c.i.embedder.EclipseLogger - Using 'UTF-8' encoding to copy filtered resources.
2016-04-14 16:11:01,749 [Worker-21] INFO  o.e.m.c.i.embedder.EclipseLogger - skip non existing resourceDirectory /home/mknair/workspace-all/workspace-centennial/CENTENNIAL/02-MWTN-PoC/code/odl/netconfconnector/impl/src/test/resources
2016-04-14 16:11:01,868 [Worker-21] INFO  o.e.m.c.i.embedder.EclipseLogger - Using 'UTF-8' encoding to copy filtered resources.
2016-04-14 16:11:01,869 [Worker-21] INFO  o.e.m.c.i.embedder.EclipseLogger - skip non existing resourceDirectory /home/mknair/workspace-all/workspace-centennial/CENTENNIAL/02-MWTN-PoC/code/odl/websocketmanager/api/src/main/resources
2016-04-14 16:11:01,869 [Worker-21] INFO  o.e.m.c.i.embedder.EclipseLogger - Using 'UTF-8' encoding to copy filtered resources.
2016-04-14 16:11:01,869 [Worker-21] INFO  o.e.m.c.i.embedder.EclipseLogger - skip non existing resourceDirectory /home/mknair/workspace-all/workspace-centennial/CENTENNIAL/02-MWTN-PoC/code/odl/websocketmanager/api/src/test/resources
2016-04-14 16:11:02,132 [Worker-21] INFO  o.e.m.c.i.embedder.EclipseLogger - Using 'UTF-8' encoding to copy filtered resources.
2016-04-14 16:11:02,132 [Worker-21] INFO  o.e.m.c.i.embedder.EclipseLogger - skip non existing resourceDirectory /home/mknair/workspace-all/workspace-centennial/CENTENNIAL/02-MWTN-PoC/code/odl/eventmanager/impl/src/main/resources
2016-04-14 16:11:02,133 [Worker-21] INFO  o.e.m.c.i.embedder.EclipseLogger - Using 'UTF-8' encoding to copy filtered resources.
2016-04-14 16:11:02,133 [Worker-21] INFO  o.e.m.c.i.embedder.EclipseLogger - skip non existing resourceDirectory /home/mknair/workspace-all/workspace-centennial/CENTENNIAL/02-MWTN-PoC/code/odl/eventmanager/impl/src/test/resources
2016-04-14 16:11:02,256 [Worker-21] INFO  o.e.m.c.i.embedder.EclipseLogger - Using 'UTF-8' encoding to copy filtered resources.
2016-04-14 16:11:02,256 [Worker-21] INFO  o.e.m.c.i.embedder.EclipseLogger - skip non existing resourceDirectory /home/mknair/workspace-all/workspace-centennial/CENTENNIAL/02-MWTN-PoC/code/odl/websocketmanager/impl/src/main/resources
2016-04-14 16:11:02,257 [Worker-21] INFO  o.e.m.c.i.embedder.EclipseLogger - Using 'UTF-8' encoding to copy filtered resources.
2016-04-14 16:11:02,257 [Worker-21] INFO  o.e.m.c.i.embedder.EclipseLogger - skip non existing resourceDirectory /home/mknair/workspace-all/workspace-centennial/CENTENNIAL/02-MWTN-PoC/code/odl/websocketmanager/impl/src/test/resources
2016-04-14 16:11:27,071 [Worker-15] INFO  o.e.m.c.i.l.LifecycleMappingFactory - Using NULL lifecycle mapping for MavenProject: org.opendaylight.wtg:eventmanager:0.0.1-SNAPSHOT @ /home/mknair/workspace-all/workspace-centennial/CENTENNIAL/02-MWTN-PoC/code/odl/eventmanager/pom.xml.
2016-04-14 16:11:27,273 [Worker-19] INFO  o.e.m.c.i.e.AbstractTransferListenerAdapter - Downloaded http://nexus.opendaylight.org/content/repositories/public/org/opendaylight/mdsal/model/ietf-topology/${ietf-topology.version}/ietf-topology-${ietf-topology.version}.pom
2016-04-14 16:11:27,274 [Worker-19] INFO  o.e.m.c.i.e.AbstractTransferListenerAdapter - Downloaded https://repo.maven.apache.org/maven2/org/opendaylight/mdsal/model/ietf-topology/${ietf-topology.version}/ietf-topology-${ietf-topology.version}.pom
2016-04-14 16:12:27,432 [Worker-17] INFO  o.e.m.c.i.l.LifecycleMappingFactory - Using NULL lifecycle mapping for MavenProject: org.opendaylight.wtg:eventmanager:0.0.1-SNAPSHOT @ /home/mknair/workspace-all/workspace-centennial/CENTENNIAL/02-MWTN-PoC/code/odl/eventmanager/pom.xml.
2016-04-14 16:16:49,020 [Worker-21] INFO  o.e.m.c.i.e.AbstractTransferListenerAdapter - Downloaded http://nexus.opendaylight.org/content/repositories/public/org/opendaylight/controller/sal-netconf-connector/${mdsal.version}/sal-netconf-connector-${mdsal.version}.pom
2016-04-14 16:16:49,023 [Worker-21] INFO  o.e.m.c.i.e.AbstractTransferListenerAdapter - Downloaded https://repo.maven.apache.org/maven2/org/opendaylight/controller/sal-netconf-connector/${mdsal.version}/sal-netconf-connector-${mdsal.version}.pom
2016-04-14 16:16:49,164 [Worker-15] INFO  o.e.m.c.i.l.LifecycleMappingFactory - Using NULL lifecycle mapping for MavenProject: org.opendaylight.wtg:eventmanager:0.0.1-SNAPSHOT @ /home/mknair/workspace-all/workspace-centennial/CENTENNIAL/02-MWTN-PoC/code/odl/eventmanager/pom.xml.
2016-04-14 16:16:53,931 [Worker-15] INFO  o.e.m.c.i.l.LifecycleMappingFactory - Using NULL lifecycle mapping for MavenProject: org.opendaylight.wtg:eventmanager:0.0.1-SNAPSHOT @ /home/mknair/workspace-all/workspace-centennial/CENTENNIAL/02-MWTN-PoC/code/odl/eventmanager/pom.xml.
2016-04-14 16:20:40,729 [Worker-15] INFO  o.e.m.c.i.l.LifecycleMappingFactory - Using NULL lifecycle mapping for MavenProject: org.opendaylight.wtg:eventmanager:0.0.1-SNAPSHOT @ /home/mknair/workspace-all/workspace-centennial/CENTENNIAL/02-MWTN-PoC/code/odl/eventmanager/pom.xml.
2016-04-14 16:22:09,289 [Worker-15] INFO  o.e.m.c.i.l.LifecycleMappingFactory - Using NULL lifecycle mapping for MavenProject: org.opendaylight.wtg:eventmanager:0.0.1-SNAPSHOT @ /home/mknair/workspace-all/workspace-centennial/CENTENNIAL/02-MWTN-PoC/code/odl/eventmanager/pom.xml.
2016-04-14 16:40:49,975 [Worker-28] INFO  o.e.m.c.i.l.LifecycleMappingFactory - Using DEFAULT lifecycle mapping for MavenProject: org.opendaylight.wtg:eventmanager-impl:0.0.1-SNAPSHOT @ /home/mknair/workspace-all/workspace-centennial/CENTENNIAL/02-MWTN-PoC/code/odl/eventmanager/impl/pom.xml.
2016-04-14 16:40:50,333 [Worker-28] INFO  o.e.m.c.i.embedder.EclipseLogger - Using 'UTF-8' encoding to copy filtered resources.
2016-04-14 16:40:50,334 [Worker-28] INFO  o.e.m.c.i.embedder.EclipseLogger - skip non existing resourceDirectory /home/mknair/workspace-all/workspace-centennial/CENTENNIAL/02-MWTN-PoC/code/odl/eventmanager/impl/src/main/resources
2016-04-14 16:40:50,335 [Worker-28] INFO  o.e.m.c.i.embedder.EclipseLogger - Using 'UTF-8' encoding to copy filtered resources.
2016-04-14 16:40:50,335 [Worker-28] INFO  o.e.m.c.i.embedder.EclipseLogger - skip non existing resourceDirectory /home/mknair/workspace-all/workspace-centennial/CENTENNIAL/02-MWTN-PoC/code/odl/eventmanager/impl/src/test/resources
2016-04-14 16:41:27,770 [Worker-30] INFO  o.e.m.c.i.l.LifecycleMappingFactory - Using DEFAULT lifecycle mapping for MavenProject: org.opendaylight.wtg:eventmanager-impl:0.0.1-SNAPSHOT @ /home/mknair/workspace-all/workspace-centennial/CENTENNIAL/02-MWTN-PoC/code/odl/eventmanager/impl/pom.xml.
2016-04-14 16:41:28,153 [Worker-30] INFO  o.e.m.c.i.embedder.EclipseLogger - Using 'UTF-8' encoding to copy filtered resources.
2016-04-14 16:41:28,153 [Worker-30] INFO  o.e.m.c.i.embedder.EclipseLogger - skip non existing resourceDirectory /home/mknair/workspace-all/workspace-centennial/CENTENNIAL/02-MWTN-PoC/code/odl/eventmanager/impl/src/main/resources
2016-04-14 16:41:28,153 [Worker-30] INFO  o.e.m.c.i.embedder.EclipseLogger - Using 'UTF-8' encoding to copy filtered resources.
2016-04-14 16:41:28,153 [Worker-30] INFO  o.e.m.c.i.embedder.EclipseLogger - skip non existing resourceDirectory /home/mknair/workspace-all/workspace-centennial/CENTENNIAL/02-MWTN-PoC/code/odl/eventmanager/impl/src/test/resources
2016-04-14 16:50:15,192 [Worker-32] INFO  o.e.m.c.i.embedder.EclipseLogger - Using 'UTF-8' encoding to copy filtered resources.
2016-04-14 16:50:15,192 [Worker-32] INFO  o.e.m.c.i.embedder.EclipseLogger - skip non existing resourceDirectory /home/mknair/workspace-all/workspace-centennial/CENTENNIAL/02-MWTN-PoC/code/odl/eventmanager/impl/src/main/resources
2016-04-14 16:50:15,193 [Worker-32] INFO  o.e.m.c.i.embedder.EclipseLogger - Using 'UTF-8' encoding to copy filtered resources.
2016-04-14 16:50:15,193 [Worker-32] INFO  o.e.m.c.i.embedder.EclipseLogger - skip non existing resourceDirectory /home/mknair/workspace-all/workspace-centennial/CENTENNIAL/02-MWTN-PoC/code/odl/eventmanager/impl/src/test/resources
2016-04-14 16:51:09,333 [Worker-28] INFO  o.e.m.c.i.embedder.EclipseLogger - Using 'UTF-8' encoding to copy filtered resources.
2016-04-14 16:51:09,333 [Worker-28] INFO  o.e.m.c.i.embedder.EclipseLogger - skip non existing resourceDirectory /home/mknair/workspace-all/workspace-centennial/CENTENNIAL/02-MWTN-PoC/code/odl/eventmanager/impl/src/main/resources
2016-04-14 16:51:09,334 [Worker-28] INFO  o.e.m.c.i.embedder.EclipseLogger - Using 'UTF-8' encoding to copy filtered resources.
2016-04-14 16:51:09,335 [Worker-28] INFO  o.e.m.c.i.embedder.EclipseLogger - skip non existing resourceDirectory /home/mknair/workspace-all/workspace-centennial/CENTENNIAL/02-MWTN-PoC/code/odl/eventmanager/impl/src/test/resources
2016-04-14 17:43:35,407 [Worker-40] INFO  o.e.m.c.i.embedder.EclipseLogger - Using 'UTF-8' encoding to copy filtered resources.
2016-04-14 17:43:35,407 [Worker-40] INFO  o.e.m.c.i.embedder.EclipseLogger - skip non existing resourceDirectory /home/mknair/workspace-all/workspace-centennial/CENTENNIAL/02-MWTN-PoC/code/odl/netconfconnector/impl/src/main/resources
2016-04-14 17:43:35,408 [Worker-40] INFO  o.e.m.c.i.embedder.EclipseLogger - Using 'UTF-8' encoding to copy filtered resources.
2016-04-14 17:43:35,408 [Worker-40] INFO  o.e.m.c.i.embedder.EclipseLogger - skip non existing resourceDirectory /home/mknair/workspace-all/workspace-centennial/CENTENNIAL/02-MWTN-PoC/code/odl/netconfconnector/impl/src/test/resources
2016-04-14 17:44:03,190 [Worker-40] INFO  o.e.m.c.i.embedder.EclipseLogger - Using 'UTF-8' encoding to copy filtered resources.
2016-04-14 17:44:03,191 [Worker-40] INFO  o.e.m.c.i.embedder.EclipseLogger - skip non existing resourceDirectory /home/mknair/workspace-all/workspace-centennial/CENTENNIAL/02-MWTN-PoC/code/odl/netconfconnector/impl/src/main/resources
2016-04-14 17:44:03,191 [Worker-40] INFO  o.e.m.c.i.embedder.EclipseLogger - Using 'UTF-8' encoding to copy filtered resources.
2016-04-14 17:44:03,191 [Worker-40] INFO  o.e.m.c.i.embedder.EclipseLogger - skip non existing resourceDirectory /home/mknair/workspace-all/workspace-centennial/CENTENNIAL/02-MWTN-PoC/code/odl/netconfconnector/impl/src/test/resources
